SF:lib/controllers/ship_controller.dart
DA:8,0
DA:9,0
DA:10,0
DA:11,0
LF:4
LH:0
end_of_record
SF:lib/models/ship/ship_change_notifier.dart
DA:11,1
DA:15,2
DA:19,2
DA:23,2
DA:27,2
DA:30,1
DA:32,2
DA:34,0
DA:35,0
DA:40,1
DA:42,2
DA:44,0
DA:45,0
DA:50,1
DA:52,2
DA:54,0
DA:55,0
DA:59,0
DA:62,0
DA:63,0
DA:64,0
DA:65,0
DA:67,0
DA:68,0
DA:73,0
DA:74,0
DA:78,4
DA:80,1
LF:28
LH:13
end_of_record
SF:lib/models/ship/ship_type_model.dart
DA:5,1
DA:9,1
DA:10,1
DA:13,0
DA:14,0
DA:15,0
DA:16,0
DA:21,0
DA:25,0
DA:26,0
DA:27,0
DA:29,2
DA:30,2
DA:32,0
DA:33,0
DA:34,0
DA:35,0
DA:36,0
DA:42,0
DA:44,0
DA:46,0
DA:50,0
DA:51,0
DA:52,0
DA:55,0
DA:56,0
DA:64,0
DA:69,0
DA:70,0
DA:71,0
DA:74,0
DA:75,0
DA:76,0
DA:77,0
DA:82,0
DA:87,0
DA:88,0
DA:89,0
DA:90,0
DA:92,0
DA:93,0
DA:94,0
DA:96,0
DA:97,0
DA:98,0
DA:99,0
DA:100,0
LF:47
LH:5
end_of_record
SF:lib/views/screens/home_screen.dart
DA:8,1
DA:10,1
DA:12,2
DA:13,1
DA:15,1
DA:19,1
DA:24,1
DA:26,5
DA:27,1
DA:28,1
DA:31,2
DA:34,1
DA:37,1
DA:39,1
DA:41,2
DA:42,2
DA:43,2
DA:44,0
DA:47,0
DA:50,0
DA:53,0
DA:56,1
LF:22
LH:18
end_of_record
SF:lib/theme/custom_colors.dart
DA:73,0
DA:87,0
LF:2
LH:0
end_of_record
SF:lib/theme/styles.dart
DA:7,0
DA:14,0
DA:24,0
DA:31,0
DA:41,0
DA:48,0
DA:58,0
DA:65,0
DA:75,0
DA:82,0
DA:92,0
DA:99,0
DA:109,0
DA:116,0
DA:126,1
DA:133,1
DA:143,0
DA:150,0
DA:160,0
DA:167,0
DA:177,1
DA:184,1
DA:194,0
DA:201,0
DA:211,0
DA:218,0
DA:228,0
DA:235,0
DA:245,0
DA:252,0
DA:262,0
DA:269,0
DA:279,1
DA:286,1
LF:34
LH:6
end_of_record
SF:lib/views/widgets/ship_type_card_widget.dart
DA:14,1
DA:21,1
DA:23,1
DA:25,2
DA:26,1
DA:28,1
DA:32,1
DA:33,1
DA:34,1
DA:39,1
DA:40,1
DA:41,1
DA:42,4
DA:43,1
DA:56,1
DA:58,1
DA:59,1
DA:60,1
DA:61,3
DA:62,1
DA:63,3
DA:65,1
DA:70,1
DA:71,1
DA:72,1
DA:73,3
DA:75,1
DA:80,1
DA:81,2
DA:82,1
DA:84,2
DA:87,1
DA:88,2
DA:89,1
DA:91,2
DA:95,1
DA:96,2
DA:97,1
DA:99,2
DA:102,1
DA:103,2
DA:104,1
DA:107,2
DA:110,1
DA:112,1
DA:113,1
DA:114,4
DA:115,1
DA:116,1
DA:117,3
DA:118,2
DA:119,1
DA:122,1
DA:141,1
DA:143,1
DA:144,1
LF:56
LH:56
end_of_record
SF:lib/views/widgets/ship_type_data_widget.dart
DA:8,1
DA:9,1
DA:11,0
DA:13,0
DA:15,0
DA:17,0
DA:18,0
DA:19,0
DA:20,0
DA:21,0
DA:32,0
DA:33,0
DA:34,0
DA:35,0
LF:14
LH:2
end_of_record
SF:lib/services/api_service.dart
DA:6,0
DA:8,0
DA:10,0
DA:11,0
LF:4
LH:0
end_of_record
